<?xml version="1.0" encoding="UTF-8"?>
<!-- Generated by org.testng.reporters.JUnitReportReporter -->
<testsuite skipped="0" hostname="DESKTOP-Q3OL5F5" name="testNGConcepts.facebookExample" tests="1" failures="0" timestamp="2022-07-21T15:42:32 EDT" time="6.950" errors="0">
  <testcase name="createAccount" time="6.950" classname="testNGConcepts.facebookExample"/>
  <system-out/>
</testsuite> <!-- testNGConcepts.facebookExample -->
